[13:29:22] [Server thread/INFO]: Starting minecraft server version 1.12.2
[13:29:22] [Server thread/INFO]: Loading properties
[13:29:22] [Server thread/INFO]: Default game type: CREATIVE
[13:29:22] [Server thread/INFO]: Generating keypair
[13:29:22] [Server thread/INFO]: Starting Minecraft server on 37.140.195.230:25565
[13:29:22] [Server thread/INFO]: Using epoll channel type
[13:29:23] [Server thread/INFO]: This server is running CraftBukkit version git-Bukkit-e60fc34 (MC: 1.12.2) (Implementing API version 1.12.2-R0.1-SNAPSHOT)
[13:29:23] [Server thread/WARN]: **** SERVER IS RUNNING IN OFFLINE/INSECURE MODE!
[13:29:23] [Server thread/WARN]: The server will make no attempt to authenticate usernames. Beware.
[13:29:23] [Server thread/WARN]: While this makes the game possible to play without internet access, it also opens up the ability for hackers to connect with any username they choose.
[13:29:23] [Server thread/WARN]: To change this, set "online-mode" to "true" in the server.properties file.
[13:29:23] [Server thread/INFO]: Preparing level "world"
[13:29:24] [Server thread/INFO]: Preparing start region for level 0 (Seed: 4645706176243570862)
[13:29:25] [Server thread/INFO]: Preparing spawn area: 1%
[13:29:26] [Server thread/INFO]: Preparing spawn area: 34%
[13:29:26] [Server thread/INFO]: Preparing start region for level 1 (Seed: 4645706176243570862)
[13:29:27] [Server thread/INFO]: Preparing spawn area: 85%
[13:29:28] [Server thread/INFO]: Preparing start region for level 2 (Seed: 4645706176243570862)
[13:29:28] [Server thread/INFO]: Server permissions file permissions.yml is empty, ignoring it
[13:29:28] [Server thread/INFO]: Done (5.212s)! For help, type "help" or "?"
[13:29:30] [Server thread/WARN]: Can't keep up! Did the system time change, or is the server overloaded? Running 2256ms behind, skipping 45 tick(s)
[13:30:23] [Server thread/INFO]: Fil[/94.25.30.202:62806] logged in with entity id 398 at ([world]1413.2507127175513, 92.60683220176533, 842.3489899408659)
[13:35:47] [Server thread/INFO]: ZEROL41N[/79.173.65.159:10663] logged in with entity id 10448 at ([world]106.00492686463905, 82.79485366162355, 195.91442984953392)
[13:36:25] [Server thread/WARN]: Can't keep up! Did the system time change, or is the server overloaded? Running 2406ms behind, skipping 48 tick(s)
[13:36:34] [Server thread/INFO]: Fil issued server command: /tp Zr
[13:36:42] [Server thread/INFO]: Opped Fil
[13:36:48] [Server thread/INFO]: Fil issued server command: /tp ZEROL41N
[13:36:48] [Server thread/INFO]: [Fil: Teleported Fil to ZEROL41N]
[13:38:20] [Server thread/INFO]: Fil issued server command: /time set day
[13:38:20] [Server thread/INFO]: [Fil: Set the time to 1000]
[13:40:11] [Server thread/INFO]: ZEROL41N has made the advancement [Stone Age]
[13:40:12] [Server thread/INFO]: Fil has made the advancement [Stone Age]
[13:45:35] [Server thread/INFO]: Fil issued server command: /tp ZEROL41N
[13:45:35] [Server thread/INFO]: [Fil: Teleported Fil to ZEROL41N]
[13:47:43] [Server thread/INFO]: ZEROL41N has made the advancement [Best Friends Forever]
[13:48:30] [Server thread/INFO]: Fil issued server command: /tp ZEROL41N
[13:48:30] [Server thread/INFO]: [Fil: Teleported Fil to ZEROL41N]
[13:49:54] [Server thread/INFO]: Fil issued server command: /tp ZEROL41N
[13:49:54] [Server thread/INFO]: [Fil: Teleported Fil to ZEROL41N]
[13:50:29] [Server thread/INFO]: ZEROL41N has made the advancement [Sweet dreams]
[13:50:31] [Server thread/INFO]: Fil issued server command: /time set day
[13:50:31] [Server thread/INFO]: [Fil: Set the time to 1000]
[13:50:48] [Server thread/INFO]: Fil issued server command: /time set 0
[13:50:48] [Server thread/INFO]: [Fil: Set the time to 0]
[13:50:52] [Server thread/INFO]: ZEROL41N has made the advancement [Monster Hunter]
[13:56:19] [Server thread/INFO]: ZEROL41N lost connection: Internal Exception: io.netty.channel.unix.Errors$NativeIoException: syscall:read(..) failed: Connection reset by peer
[13:56:19] [Server thread/INFO]: ZEROL41N left the game
[13:56:42] [Server thread/INFO]: Fil lost connection: Internal Exception: io.netty.channel.unix.Errors$NativeIoException: syscall:read(..) failed: Connection reset by peer
[13:56:42] [Server thread/INFO]: Fil left the game
[13:56:51] [Server console handler/ERROR]: Exception handling console input
java.io.IOException: Input/output error
	at java.io.FileInputStream.readBytes(Native Method) ~[?:?]
	at java.io.FileInputStream.read(FileInputStream.java:279) ~[?:?]
	at java.io.BufferedInputStream.fill(BufferedInputStream.java:252) ~[?:?]
	at java.io.BufferedInputStream.read(BufferedInputStream.java:271) ~[?:?]
	at org.bukkit.craftbukkit.libs.jline.internal.NonBlockingInputStream.read(NonBlockingInputStream.java:169) ~[craftbukkit-1.12.2.jar:git-Bukkit-e60fc34]
	at org.bukkit.craftbukkit.libs.jline.internal.NonBlockingInputStream.read(NonBlockingInputStream.java:137) ~[craftbukkit-1.12.2.jar:git-Bukkit-e60fc34]
	at org.bukkit.craftbukkit.libs.jline.internal.NonBlockingInputStream.read(NonBlockingInputStream.java:246) ~[craftbukkit-1.12.2.jar:git-Bukkit-e60fc34]
	at org.bukkit.craftbukkit.libs.jline.internal.InputStreamReader.read(InputStreamReader.java:261) ~[craftbukkit-1.12.2.jar:git-Bukkit-e60fc34]
	at org.bukkit.craftbukkit.libs.jline.internal.InputStreamReader.read(InputStreamReader.java:198) ~[craftbukkit-1.12.2.jar:git-Bukkit-e60fc34]
	at org.bukkit.craftbukkit.libs.jline.console.ConsoleReader.readCharacter(ConsoleReader.java:2145) ~[craftbukkit-1.12.2.jar:git-Bukkit-e60fc34]
	at org.bukkit.craftbukkit.libs.jline.console.ConsoleReader.readLine(ConsoleReader.java:2349) ~[craftbukkit-1.12.2.jar:git-Bukkit-e60fc34]
	at net.minecraft.server.v1_12_R1.DedicatedServer$2.run(DedicatedServer.java:84) [craftbukkit-1.12.2.jar:git-Bukkit-e60fc34]
[13:56:51] [Thread-2/INFO]: Stopping server
[13:56:51] [Thread-2/INFO]: Saving players
[13:56:51] [Thread-2/INFO]: Saving worlds
[13:56:51] [Thread-2/INFO]: Saving chunks for level 'world'/overworld
[13:56:51] [Thread-2/INFO]: Saving chunks for level 'world_nether'/the_nether
[13:56:51] [Thread-2/INFO]: Saving chunks for level 'world_the_end'/the_end
